#
# A fatal error has been detected by the Java Runtime Environment:
#
#  SIGSEGV (0xb) at pc=0x000000010cb6fe82, pid=7331, tid=17155
#
# JRE version: Java(TM) SE Runtime Environment (7.0_79-b15) (build 1.7.0_79-b15)
# Java VM: Java HotSpot(TM) 64-Bit Server VM (24.79-b02 mixed mode bsd-amd64 compressed oops)
# Problematic frame:
# V  [libjvm.dylib+0x2b2e82]  java_lang_String::length(oopDesc*)+0x54
#
# Failed to write core dump. Core dumps have been disabled. To enable core dumping, try "ulimit -c unlimited" before starting Java again
#
# If you would like to submit a bug report, please visit:
#   http://bugreport.java.com/bugreport/crash.jsp
#

---------------  T H R E A D  ---------------

Current thread (0x00007ff84a02d000):  JavaThread "JDWP Transport Listener: dt_socket" daemon [_thread_in_vm, id=17155, stack(0x0000700000b3b000,0x0000700000c3b000)]

siginfo:si_signo=SIGSEGV: si_errno=0, si_code=1 (SEGV_MAPERR), si_addr=0x000000000000000c

Registers:
RAX=0x0000000000000000, RBX=0x00000007eab65f28, RCX=0x000000000000000c, RDX=0x0000000000000000
RSP=0x0000700000c3aa10, RBP=0x0000700000c3aa10, RSI=0x00007ff849610080, RDI=0x00000007eab65f28
R8 =0x0102000000000000, R9 =0x00000000ffffff00, R10=0x0000000000000028, R11=0xfffff007b7525ec0
R12=0x00007ff84a02d000, R13=0x00007ff849714b90, R14=0x0000000000000000, R15=0x0000000000000000
RIP=0x000000010cb6fe82, EFLAGS=0x0000000000010202, ERR=0x0000000000000004
  TRAPNO=0x000000000000000e

Top of Stack: (sp=0x0000700000c3aa10)
0x0000700000c3aa10:   0000700000c3aa40 000000010cb9f7be
0x0000700000c3aa20:   0000000000000000 0000000000000000
0x0000700000c3aa30:   00000007eab65f28 00007ff84a02d1e8
0x0000700000c3aa40:   0000700000c3aab0 000000010cbc70a2
0x0000700000c3aa50:   00007ff84a02d000 00007ff84a02d000
0x0000700000c3aa60:   0000000000000000 0000000000000000
0x0000700000c3aa70:   00007ff84a02d1e8 00007ff84a02d000
0x0000700000c3aa80:   00007ff84a02d000 0000700000c3ab08
0x0000700000c3aa90:   00007ff849610080 00007ff849714b90
0x0000700000c3aaa0:   0000700000c3ac90 00007ff84a02d1e8
0x0000700000c3aab0:   0000700000c3aae0 000000010d3654be
0x0000700000c3aac0:   0000700000c3ac90 000000010d385dc2
0x0000700000c3aad0:   0000700000c3ab08 000000010d391588
0x0000700000c3aae0:   0000700000c3ad00 000000010d36c642
0x0000700000c3aaf0:   00010c5f00000013 0000000000010a00
0x0000700000c3ab00:   00007ff849714bb0 0000700000c3ab58
0x0000700000c3ab10:   00007ff80000012c 0000700000c3ab20
0x0000700000c3ab20:   0000000000000000 0000700000c3ab58
0x0000700000c3ab30:   0000000000000000 0000000000000000
0x0000700000c3ab40:   00010c5f00000023 00007fff00007c80
0x0000700000c3ab50:   0000700000c3ab58 0100b72a14000000
0x0000700000c3ab60:   2b2b2a0200b5032a b10300b50500b8be
0x0000700000c3ab70:   000000c8316249f8 7078610600000000
0x0000700000c3ab80:   5d305d30313d6972 1b0300b42abf0700
0x0000700000c3ab90:   00b8641b1c04152d 6e6172150000b126
0x0000700000c3aba0:   65626d754e6d6f64 746172656e654772
0x0000700000c3abb0:   6a4c12000000726f 6c6974752f617661
0x0000700000c3abc0:   3b6d6f646e61522f 0a00000000000000
0x0000700000c3abd0:   20945149f87f0000 6167656e15000000
0x0000700000c3abe0:   6f72655a65766974 74694274616f6c46
0x0000700000c3abf0:   00004a0100000073 00000a0000000000
0x0000700000c3ac00:   0000b0995149f87f 69746167656e1600 

Instructions: (pc=0x000000010cb6fe82)
0x000000010cb6fe62:   eb 16 48 8d 35 85 9a 4c 00 8a 4e 08 48 d3 e2 48
0x000000010cb6fe72:   03 16 eb 04 48 8b 14 0f 84 c0 0f 94 c0 0f b6 c0
0x000000010cb6fe82:   8b 44 82 0c 5d c3 8b 04 07 5d c3 90 55 48 89 e5
0x000000010cb6fe92:   f6 87 8d 00 00 00 02 75 04 31 ff eb 23 48 63 87 

Register to memory mapping:

RAX=0x0000000000000000 is an unknown value
RBX=0x00000007eab65f28 is an oop
java.lang.String 
 - klass: 'java/lang/String'
RCX=0x000000000000000c is an unknown value
RDX=0x0000000000000000 is an unknown value
RSP=0x0000700000c3aa10 is pointing into the stack for thread: 0x00007ff84a02d000
RBP=0x0000700000c3aa10 is pointing into the stack for thread: 0x00007ff84a02d000
RSI=0x00007ff849610080 is a global jni handle
RDI=0x00000007eab65f28 is an oop
java.lang.String 
 - klass: 'java/lang/String'
R8 =0x0102000000000000 is an unknown value
R9 =0x00000000ffffff00 is an unknown value
R10=0x0000000000000028 is an unknown value
R11=0xfffff007b7525ec0 is an unknown value
R12=0x00007ff84a02d000 is a thread
R13=0x00007ff849714b90 is an unknown value
R14=0x0000000000000000 is an unknown value
R15=0x0000000000000000 is an unknown value


Stack: [0x0000700000b3b000,0x0000700000c3b000],  sp=0x0000700000c3aa10,  free space=1022k
Native frames: (J=compiled Java code, j=interpreted, Vv=VM code, C=native code)
V  [libjvm.dylib+0x2b2e82]  java_lang_String::length(oopDesc*)+0x54
V  [libjvm.dylib+0x2e27be]  java_lang_String::utf8_length(oopDesc*)+0x38
V  [libjvm.dylib+0x30a0a2]  jni_GetStringUTFChars+0x71
C  [libjdwp.dylib+0x74be]  value+0x96
C  [libjdwp.dylib+0xe642]  debugLoop_run+0x1ce
C  [libjdwp.dylib+0x1f0e2]  attachThread+0x4d
V  [libjvm.dylib+0x37945a]  JvmtiAgentThread::call_start_function()+0x38
V  [libjvm.dylib+0x4f759d]  JavaThread::thread_main_inner()+0x9b
V  [libjvm.dylib+0x4f8ca5]  JavaThread::run()+0x1a3
V  [libjvm.dylib+0x421c4e]  java_start(Thread*)+0x126
C  [libsystem_pthread.dylib+0x399d]  _pthread_body+0x83
C  [libsystem_pthread.dylib+0x391a]  _pthread_body+0x0
C  [libsystem_pthread.dylib+0x1351]  thread_start+0xd


---------------  P R O C E S S  ---------------

Java Threads: ( => current thread )
  0x00007ff84a037800 JavaThread "Service Thread" daemon [_thread_blocked, id=19715, stack(0x000070000104a000,0x000070000114a000)]
  0x00007ff84b018000 JavaThread "C2 CompilerThread1" daemon [_thread_blocked, id=19203, stack(0x0000700000f47000,0x0000700001047000)]
  0x00007ff84a82b000 JavaThread "C2 CompilerThread0" daemon [_thread_blocked, id=18691, stack(0x0000700000e44000,0x0000700000f44000)]
  0x00007ff84b011000 JavaThread "JDWP Command Reader" daemon [_thread_in_native, id=18179, stack(0x0000700000d41000,0x0000700000e41000)]
  0x00007ff84b010000 JavaThread "JDWP Event Helper Thread" daemon [_thread_blocked, id=17667, stack(0x0000700000c3e000,0x0000700000d3e000)]
=>0x00007ff84a02d000 JavaThread "JDWP Transport Listener: dt_socket" daemon [_thread_in_vm, id=17155, stack(0x0000700000b3b000,0x0000700000c3b000)]
  0x00007ff849852000 JavaThread "Signal Dispatcher" daemon [_thread_blocked, id=12815, stack(0x0000700000a38000,0x0000700000b38000)]
  0x00007ff849849000 JavaThread "Finalizer" daemon [_thread_blocked, id=11779, stack(0x000070000082f000,0x000070000092f000)]
  0x00007ff849848800 JavaThread "Reference Handler" daemon [_thread_blocked, id=11267, stack(0x000070000072c000,0x000070000082c000)]
  0x00007ff84b001000 JavaThread "main" [_thread_blocked, id=4099, stack(0x0000700000084000,0x0000700000184000)]

Other Threads:
  0x00007ff849845800 VMThread [stack: 0x0000700000629000,0x0000700000729000] [id=10755]
  0x00007ff849855000 WatcherThread [stack: 0x000070000114d000,0x000070000124d000] [id=20227]

VM state:not at safepoint (normal execution)

VM Mutex/Monitor currently owned by a thread: None

Heap
 PSYoungGen      total 19456K, used 1352K [0x00000007eaa80000, 0x00000007ec000000, 0x0000000800000000)
  eden space 16896K, 8% used [0x00000007eaa80000,0x00000007eabd2060,0x00000007ebb00000)
  from space 2560K, 0% used [0x00000007ebd80000,0x00000007ebd80000,0x00000007ec000000)
  to   space 2560K, 0% used [0x00000007ebb00000,0x00000007ebb00000,0x00000007ebd80000)
 ParOldGen       total 43520K, used 0K [0x00000007c0000000, 0x00000007c2a80000, 0x00000007eaa80000)
  object space 43520K, 0% used [0x00000007c0000000,0x00000007c0000000,0x00000007c2a80000)
 PSPermGen       total 21504K, used 2760K [0x00000007bae00000, 0x00000007bc300000, 0x00000007c0000000)
  object space 21504K, 12% used [0x00000007bae00000,0x00000007bb0b2070,0x00000007bc300000)

Card table byte_map: [0x0000000110cc0000,0x0000000110eea000] byte_map_base: 0x000000010cee9000

Polling page: 0x000000010d35d000

Code Cache  [0x000000010dc00000, 0x000000010de70000, 0x0000000110c00000)
 total_blobs=177 nmethods=4 adapters=136 free_code_cache=48767Kb largest_free_block=49918144

Compilation events (8 events):
Event: 0.157 Thread 0x00007ff84a82b000    1             java.lang.String::hashCode (55 bytes)
Event: 0.162 Thread 0x00007ff84b018000    2             java.lang.String::indexOf (70 bytes)
Event: 0.166 Thread 0x00007ff84a82b000 nmethod 1 0x000000010dc5e250 code [0x000000010dc5e3a0, 0x000000010dc5e538]
Event: 0.166 Thread 0x00007ff84b018000 nmethod 2 0x000000010dc5de10 code [0x000000010dc5df60, 0x000000010dc5e148]
Event: 0.188 Thread 0x00007ff84a82b000    3             sun.nio.cs.UTF_8$Encoder::encode (361 bytes)
Event: 0.190 Thread 0x00007ff84b018000    4             java.lang.String::charAt (29 bytes)
Event: 0.191 Thread 0x00007ff84b018000 nmethod 4 0x000000010dc63410 code [0x000000010dc63560, 0x000000010dc63658]
Event: 0.201 Thread 0x00007ff84a82b000 nmethod 3 0x000000010dc60950 code [0x000000010dc60ae0, 0x000000010dc611c8]

GC Heap History (0 events):
No events

Deoptimization events (0 events):
No events

Internal exceptions (3 events):
Event: 0.071 Thread 0x00007ff84b001000 Threw 0x00000007eaa8f440 at /HUDSON/workspace/7u-2-build-macosx-x86_64/jdk7u79/2331/hotspot/src/share/vm/prims/jni.cpp:3991
Event: 0.180 Thread 0x00007ff84b001000 Threw 0x00000007eab40940 at /HUDSON/workspace/7u-2-build-macosx-x86_64/jdk7u79/2331/hotspot/src/share/vm/prims/jvm.cpp:1304
Event: 15.012 Thread 0x00007ff84b001000 Threw 0x00000007eab626d0 at /HUDSON/workspace/7u-2-build-macosx-x86_64/jdk7u79/2331/hotspot/src/share/vm/interpreter/linkResolver.cpp:978

Events (10 events):
Event: 51.298 Executing VM operation: GetOrSetLocal
Event: 51.298 Executing VM operation: GetOrSetLocal done
Event: 51.299 Executing VM operation: GetOrSetLocal
Event: 51.299 Executing VM operation: GetOrSetLocal done
Event: 51.299 Executing VM operation: GetOrSetLocal
Event: 51.299 Executing VM operation: GetOrSetLocal done
Event: 51.300 Executing VM operation: GetOrSetLocal
Event: 51.300 Executing VM operation: GetOrSetLocal done
Event: 51.313 Executing VM operation: GetOrSetLocal
Event: 51.313 Executing VM operation: GetOrSetLocal done


Dynamic libraries:
0x0000000006e25000 	/System/Library/Frameworks/Cocoa.framework/Versions/A/Cocoa
0x0000000006e25000 	/System/Library/Frameworks/Security.framework/Versions/A/Security
0x0000000006e25000 	/System/Library/Frameworks/ApplicationServices.framework/Versions/A/ApplicationServices
0x0000000006e25000 	/usr/lib/libz.1.dylib
0x0000000006e25000 	/usr/lib/libSystem.B.dylib
0x0000000006e25000 	/usr/lib/libobjc.A.dylib
0x0000000006e25000 	/System/Library/Frameworks/CoreFoundation.framework/Versions/A/CoreFoundation
0x0000000006e25000 	/System/Library/Frameworks/Foundation.framework/Versions/C/Foundation
0x0000000006e25000 	/System/Library/Frameworks/AppKit.framework/Versions/C/AppKit
0x0000000006e25000 	/System/Library/Frameworks/CoreData.framework/Versions/A/CoreData
0x0000000006e25000 	/System/Library/PrivateFrameworks/RemoteViewServices.framework/Versions/A/RemoteViewServices
0x0000000006e25000 	/System/Library/PrivateFrameworks/UIFoundation.framework/Versions/A/UIFoundation
0x0000000006e25000 	/usr/lib/libScreenReader.dylib
0x0000000006e25000 	/System/Library/Frameworks/Accelerate.framework/Versions/A/Accelerate
0x0000000006e25000 	/System/Library/Frameworks/IOSurface.framework/Versions/A/IOSurface
0x0000000006e25000 	/System/Library/Frameworks/AudioToolbox.framework/Versions/A/AudioToolbox
0x0000000006e25000 	/System/Library/Frameworks/AudioUnit.framework/Versions/A/AudioUnit
0x0000000006e25000 	/System/Library/PrivateFrameworks/DataDetectorsCore.framework/Versions/A/DataDetectorsCore
0x0000000006e25000 	/System/Library/PrivateFrameworks/DesktopServicesPriv.framework/Versions/A/DesktopServicesPriv
0x0000000006e25000 	/System/Library/Frameworks/Carbon.framework/Versions/A/Frameworks/HIToolbox.framework/Versions/A/HIToolbox
0x0000000006e25000 	/System/Library/Frameworks/QuartzCore.framework/Versions/A/QuartzCore
0x0000000006e25000 	/System/Library/Frameworks/Carbon.framework/Versions/A/Frameworks/SpeechRecognition.framework/Versions/A/SpeechRecognition
0x0000000006e25000 	/usr/lib/libauto.dylib
0x0000000006e25000 	/usr/lib/libicucore.A.dylib
0x0000000006e25000 	/usr/lib/libxml2.2.dylib
0x0000000006e25000 	/System/Library/PrivateFrameworks/CoreUI.framework/Versions/A/CoreUI
0x0000000006e25000 	/System/Library/Frameworks/CoreAudio.framework/Versions/A/CoreAudio
0x0000000006e25000 	/System/Library/Frameworks/DiskArbitration.framework/Versions/A/DiskArbitration
0x0000000006e25000 	/usr/lib/liblangid.dylib
0x0000000006e25000 	/System/Library/PrivateFrameworks/MultitouchSupport.framework/Versions/A/MultitouchSupport
0x0000000006e25000 	/System/Library/Frameworks/IOKit.framework/Versions/A/IOKit
0x0000000006e25000 	/usr/lib/libDiagnosticMessagesClient.dylib
0x0000000006e25000 	/System/Library/Frameworks/CoreServices.framework/Versions/A/CoreServices
0x0000000006e25000 	/System/Library/PrivateFrameworks/PerformanceAnalysis.framework/Versions/A/PerformanceAnalysis
0x0000000006e25000 	/System/Library/PrivateFrameworks/GenerationalStorage.framework/Versions/A/GenerationalStorage
0x0000000006e25000 	/System/Library/Frameworks/OpenGL.framework/Versions/A/OpenGL
0x0000000006e25000 	/System/Library/PrivateFrameworks/Sharing.framework/Versions/A/Sharing
0x0000000006e25000 	/System/Library/Frameworks/CoreGraphics.framework/Versions/A/CoreGraphics
0x0000000006e25000 	/System/Library/Frameworks/CoreImage.framework/Versions/A/CoreImage
0x0000000006e25000 	/System/Library/Frameworks/CoreText.framework/Versions/A/CoreText
0x0000000006e25000 	/System/Library/Frameworks/ImageIO.framework/Versions/A/ImageIO
0x0000000006e25000 	/System/Library/PrivateFrameworks/Backup.framework/Versions/A/Backup
0x0000000006e25000 	/usr/lib/libextension.dylib
0x0000000006e25000 	/usr/lib/libarchive.2.dylib
0x0000000006e25000 	/System/Library/Frameworks/CFNetwork.framework/Versions/A/CFNetwork
0x0000000006e25000 	/System/Library/Frameworks/SystemConfiguration.framework/Versions/A/SystemConfiguration
0x0000000006e25000 	/usr/lib/libCRFSuite.dylib
0x0000000006e25000 	/usr/lib/libc++.1.dylib
0x0000000006e25000 	/usr/lib/libc++abi.dylib
0x0000000006e25000 	/usr/lib/system/libcache.dylib
0x0000000006e25000 	/usr/lib/system/libcommonCrypto.dylib
0x0000000006e25000 	/usr/lib/system/libcompiler_rt.dylib
0x0000000006e25000 	/usr/lib/system/libcopyfile.dylib
0x0000000006e25000 	/usr/lib/system/libcorecrypto.dylib
0x0000000006e25000 	/usr/lib/system/libdispatch.dylib
0x0000000006e25000 	/usr/lib/system/libdyld.dylib
0x0000000006e25000 	/usr/lib/system/libkeymgr.dylib
0x0000000006e25000 	/usr/lib/system/liblaunch.dylib
0x0000000006e25000 	/usr/lib/system/libmacho.dylib
0x0000000006e25000 	/usr/lib/system/libquarantine.dylib
0x0000000006e25000 	/usr/lib/system/libremovefile.dylib
0x0000000006e25000 	/usr/lib/system/libsystem_asl.dylib
0x0000000006e25000 	/usr/lib/system/libsystem_blocks.dylib
0x0000000006e25000 	/usr/lib/system/libsystem_c.dylib
0x0000000006e25000 	/usr/lib/system/libsystem_configuration.dylib
0x0000000006e25000 	/usr/lib/system/libsystem_coreservices.dylib
0x0000000006e25000 	/usr/lib/system/libsystem_coretls.dylib
0x0000000006e25000 	/usr/lib/system/libsystem_dnssd.dylib
0x0000000006e25000 	/usr/lib/system/libsystem_info.dylib
0x0000000006e25000 	/usr/lib/system/libsystem_kernel.dylib
0x0000000006e25000 	/usr/lib/system/libsystem_m.dylib
0x0000000006e25000 	/usr/lib/system/libsystem_malloc.dylib
0x0000000006e25000 	/usr/lib/system/libsystem_network.dylib
0x0000000006e25000 	/usr/lib/system/libsystem_networkextension.dylib
0x0000000006e25000 	/usr/lib/system/libsystem_notify.dylib
0x0000000006e25000 	/usr/lib/system/libsystem_platform.dylib
0x0000000006e25000 	/usr/lib/system/libsystem_pthread.dylib
0x0000000006e25000 	/usr/lib/system/libsystem_sandbox.dylib
0x0000000006e25000 	/usr/lib/system/libsystem_secinit.dylib
0x0000000006e25000 	/usr/lib/system/libsystem_trace.dylib
0x0000000006e25000 	/usr/lib/system/libunc.dylib
0x0000000006e25000 	/usr/lib/system/libunwind.dylib
0x0000000006e25000 	/usr/lib/system/libxpc.dylib
0x0000000006e25000 	/usr/lib/libenergytrace.dylib
0x0000000006e25000 	/usr/lib/libbsm.0.dylib
0x0000000006e25000 	/usr/lib/system/libkxld.dylib
0x0000000006e25000 	/usr/lib/libxar.1.dylib
0x0000000006e25000 	/usr/lib/libsqlite3.dylib
0x0000000006e25000 	/usr/lib/libpam.2.dylib
0x0000000006e25000 	/usr/lib/libOpenScriptingUtil.dylib
0x0000000006e25000 	/usr/lib/libbz2.1.0.dylib
0x0000000006e25000 	/usr/lib/liblzma.5.dylib
0x0000000006e25000 	/System/Library/Frameworks/CoreServices.framework/Versions/A/Frameworks/FSEvents.framework/Versions/A/FSEvents
0x0000000006e25000 	/System/Library/Frameworks/CoreServices.framework/Versions/A/Frameworks/CarbonCore.framework/Versions/A/CarbonCore
0x0000000006e25000 	/System/Library/Frameworks/CoreServices.framework/Versions/A/Frameworks/Metadata.framework/Versions/A/Metadata
0x0000000006e25000 	/System/Library/Frameworks/CoreServices.framework/Versions/A/Frameworks/OSServices.framework/Versions/A/OSServices
0x0000000006e25000 	/System/Library/Frameworks/CoreServices.framework/Versions/A/Frameworks/SearchKit.framework/Versions/A/SearchKit
0x0000000006e25000 	/System/Library/Frameworks/CoreServices.framework/Versions/A/Frameworks/AE.framework/Versions/A/AE
0x0000000006e25000 	/System/Library/Frameworks/CoreServices.framework/Versions/A/Frameworks/LaunchServices.framework/Versions/A/LaunchServices
0x0000000006e25000 	/System/Library/Frameworks/CoreServices.framework/Versions/A/Frameworks/DictionaryServices.framework/Versions/A/DictionaryServices
0x0000000006e25000 	/System/Library/Frameworks/CoreServices.framework/Versions/A/Frameworks/SharedFileList.framework/Versions/A/SharedFileList
0x0000000006e25000 	/System/Library/Frameworks/NetFS.framework/Versions/A/NetFS
0x0000000006e25000 	/System/Library/PrivateFrameworks/NetAuth.framework/Versions/A/NetAuth
0x0000000006e25000 	/System/Library/PrivateFrameworks/login.framework/Versions/A/Frameworks/loginsupport.framework/Versions/A/loginsupport
0x0000000006e25000 	/System/Library/PrivateFrameworks/TCC.framework/Versions/A/TCC
0x0000000006e25000 	/usr/lib/libmecabra.dylib
0x0000000006e25000 	/System/Library/Frameworks/ApplicationServices.framework/Versions/A/Frameworks/ATS.framework/Versions/A/ATS
0x0000000006e25000 	/System/Library/Frameworks/ApplicationServices.framework/Versions/A/Frameworks/ColorSync.framework/Versions/A/ColorSync
0x0000000006e25000 	/System/Library/Frameworks/ApplicationServices.framework/Versions/A/Frameworks/HIServices.framework/Versions/A/HIServices
0x0000000006e25000 	/System/Library/Frameworks/ApplicationServices.framework/Versions/A/Frameworks/LangAnalysis.framework/Versions/A/LangAnalysis
0x0000000006e25000 	/System/Library/Frameworks/ApplicationServices.framework/Versions/A/Frameworks/PrintCore.framework/Versions/A/PrintCore
0x0000000006e25000 	/System/Library/Frameworks/ApplicationServices.framework/Versions/A/Frameworks/QD.framework/Versions/A/QD
0x0000000006e25000 	/System/Library/Frameworks/ApplicationServices.framework/Versions/A/Frameworks/SpeechSynthesis.framework/Versions/A/SpeechSynthesis
0x0000000006e25000 	/System/Library/Frameworks/Metal.framework/Versions/A/Metal
0x0000000006e25000 	/System/Library/Frameworks/Accelerate.framework/Versions/A/Frameworks/vImage.framework/Versions/A/vImage
0x0000000006e25000 	/System/Library/Frameworks/Accelerate.framework/Versions/A/Frameworks/vecLib.framework/Versions/A/vecLib
0x0000000006e25000 	/System/Library/Frameworks/Accelerate.framework/Versions/A/Frameworks/vecLib.framework/Versions/A/libvDSP.dylib
0x0000000006e25000 	/System/Library/Frameworks/Accelerate.framework/Versions/A/Frameworks/vecLib.framework/Versions/A/libvMisc.dylib
0x0000000006e25000 	/System/Library/Frameworks/Accelerate.framework/Versions/A/Frameworks/vecLib.framework/Versions/A/libLAPACK.dylib
0x0000000006e25000 	/System/Library/Frameworks/Accelerate.framework/Versions/A/Frameworks/vecLib.framework/Versions/A/libBLAS.dylib
0x0000000006e25000 	/System/Library/Frameworks/Accelerate.framework/Versions/A/Frameworks/vecLib.framework/Versions/A/libLinearAlgebra.dylib
0x0000000006e25000 	/System/Library/Frameworks/Accelerate.framework/Versions/A/Frameworks/vecLib.framework/Versions/A/libSparseBLAS.dylib
0x0000000006e25000 	/System/Library/PrivateFrameworks/GPUCompiler.framework/libmetal_timestamp.dylib
0x0000000006e25000 	/System/Library/Frameworks/OpenGL.framework/Versions/A/Libraries/libCoreFSCache.dylib
0x0000000006e25000 	/System/Library/PrivateFrameworks/IOAccelerator.framework/Versions/A/IOAccelerator
0x0000000006e25000 	/System/Library/Frameworks/ApplicationServices.framework/Versions/A/Frameworks/ATS.framework/Versions/A/Resources/libFontParser.dylib
0x0000000006e25000 	/System/Library/Frameworks/ApplicationServices.framework/Versions/A/Frameworks/ATS.framework/Versions/A/Resources/libFontRegistry.dylib
0x0000000006e25000 	/System/Library/PrivateFrameworks/AppleVPA.framework/Versions/A/AppleVPA
0x0000000006e25000 	/System/Library/PrivateFrameworks/AppleJPEG.framework/Versions/A/AppleJPEG
0x0000000006e25000 	/System/Library/Frameworks/ImageIO.framework/Versions/A/Resources/libJPEG.dylib
0x0000000006e25000 	/System/Library/Frameworks/ImageIO.framework/Versions/A/Resources/libTIFF.dylib
0x0000000006e25000 	/System/Library/Frameworks/ImageIO.framework/Versions/A/Resources/libPng.dylib
0x0000000006e25000 	/System/Library/Frameworks/ImageIO.framework/Versions/A/Resources/libGIF.dylib
0x0000000006e25000 	/System/Library/Frameworks/ImageIO.framework/Versions/A/Resources/libJP2.dylib
0x0000000006e25000 	/System/Library/Frameworks/ImageIO.framework/Versions/A/Resources/libRadiance.dylib
0x0000000006e25000 	/System/Library/Frameworks/CoreVideo.framework/Versions/A/CoreVideo
0x0000000006e25000 	/System/Library/Frameworks/OpenGL.framework/Versions/A/Libraries/libGLU.dylib
0x0000000006e25000 	/System/Library/Frameworks/OpenGL.framework/Versions/A/Libraries/libGFXShared.dylib
0x0000000006e25000 	/System/Library/Frameworks/OpenGL.framework/Versions/A/Libraries/libGL.dylib
0x0000000006e25000 	/System/Library/Frameworks/OpenGL.framework/Versions/A/Libraries/libGLImage.dylib
0x0000000006e25000 	/System/Library/Frameworks/OpenGL.framework/Versions/A/Libraries/libCVMSPluginSupport.dylib
0x0000000006e25000 	/System/Library/Frameworks/OpenGL.framework/Versions/A/Libraries/libCoreVMClient.dylib
0x0000000006e25000 	/usr/lib/libcompression.dylib
0x0000000006e25000 	/usr/lib/libcups.2.dylib
0x0000000006e25000 	/System/Library/Frameworks/Kerberos.framework/Versions/A/Kerberos
0x0000000006e25000 	/System/Library/Frameworks/GSS.framework/Versions/A/GSS
0x0000000006e25000 	/usr/lib/libresolv.9.dylib
0x0000000006e25000 	/usr/lib/libiconv.2.dylib
0x0000000006e25000 	/System/Library/PrivateFrameworks/Heimdal.framework/Versions/A/Heimdal
0x0000000006e25000 	/usr/lib/libheimdal-asn1.dylib
0x0000000006e25000 	/System/Library/Frameworks/OpenDirectory.framework/Versions/A/OpenDirectory
0x0000000006e25000 	/System/Library/PrivateFrameworks/CommonAuth.framework/Versions/A/CommonAuth
0x0000000006e25000 	/System/Library/Frameworks/OpenDirectory.framework/Versions/A/Frameworks/CFOpenDirectory.framework/Versions/A/CFOpenDirectory
0x0000000006e25000 	/System/Library/Frameworks/SecurityFoundation.framework/Versions/A/SecurityFoundation
0x0000000006e25000 	/System/Library/PrivateFrameworks/LanguageModeling.framework/Versions/A/LanguageModeling
0x0000000006e25000 	/usr/lib/libmarisa.dylib
0x0000000006e25000 	/usr/lib/libChineseTokenizer.dylib
0x0000000006e25000 	/usr/lib/libcmph.dylib
0x0000000006e25000 	/System/Library/Frameworks/ServiceManagement.framework/Versions/A/ServiceManagement
0x0000000006e25000 	/usr/lib/libxslt.1.dylib
0x0000000006e25000 	/System/Library/Frameworks/Carbon.framework/Versions/A/Frameworks/Ink.framework/Versions/A/Ink
0x0000000006e25000 	/usr/lib/libFosl_dynamic.dylib
0x0000000006e25000 	/System/Library/PrivateFrameworks/FaceCore.framework/Versions/A/FaceCore
0x0000000006e25000 	/System/Library/Frameworks/OpenCL.framework/Versions/A/OpenCL
0x0000000006e25000 	/System/Library/PrivateFrameworks/CrashReporterSupport.framework/Versions/A/CrashReporterSupport
0x0000000006e25000 	/System/Library/PrivateFrameworks/IconServices.framework/Versions/A/IconServices
0x0000000006e25000 	/System/Library/PrivateFrameworks/Apple80211.framework/Versions/A/Apple80211
0x0000000006e25000 	/System/Library/Frameworks/CoreWLAN.framework/Versions/A/CoreWLAN
0x0000000006e25000 	/System/Library/Frameworks/IOBluetooth.framework/Versions/A/IOBluetooth
0x0000000006e25000 	/System/Library/PrivateFrameworks/CoreWiFi.framework/Versions/A/CoreWiFi
0x0000000006e25000 	/System/Library/Frameworks/CoreBluetooth.framework/Versions/A/CoreBluetooth
0x0000000006e25000 	/System/Library/PrivateFrameworks/ChunkingLibrary.framework/Versions/A/ChunkingLibrary
0x0000000006e25000 	/System/Library/PrivateFrameworks/DebugSymbols.framework/Versions/A/DebugSymbols
0x0000000006e25000 	/System/Library/PrivateFrameworks/CoreSymbolication.framework/Versions/A/CoreSymbolication
0x0000000006e25000 	/System/Library/PrivateFrameworks/Symbolication.framework/Versions/A/Symbolication
0x0000000006e25000 	/System/Library/PrivateFrameworks/SpeechRecognitionCore.framework/Versions/A/SpeechRecognitionCore
0x000000010c8bd000 	/Library/Java/JavaVirtualMachines/jdk1.7.0_79.jdk/Contents/Home/jre/lib/server/libjvm.dylib
0x0000000006e25000 	/usr/lib/libstdc++.6.dylib
0x000000010d320000 	/Library/Java/JavaVirtualMachines/jdk1.7.0_79.jdk/Contents/Home/jre/lib/libverify.dylib
0x000000010d32d000 	/Library/Java/JavaVirtualMachines/jdk1.7.0_79.jdk/Contents/Home/jre/lib/libjava.dylib
0x000000010d35e000 	/Library/Java/JavaVirtualMachines/jdk1.7.0_79.jdk/Contents/Home/jre/lib/libjdwp.dylib
0x000000010d39b000 	/Library/Java/JavaVirtualMachines/jdk1.7.0_79.jdk/Contents/Home/jre/lib/libnpt.dylib
0x000000010d3ac000 	/Library/Java/JavaVirtualMachines/jdk1.7.0_79.jdk/Contents/Home/jre/lib/libzip.dylib
0x00000001147b3000 	/System/Library/Frameworks/JavaVM.framework/Frameworks/JavaRuntimeSupport.framework/JavaRuntimeSupport
0x00000001147ce000 	/System/Library/Frameworks/JavaVM.framework/Versions/A/Frameworks/JavaNativeFoundation.framework/Versions/A/JavaNativeFoundation
0x00000001147e3000 	/System/Library/Frameworks/JavaVM.framework/Versions/A/JavaVM
0x0000000006e25000 	/System/Library/Frameworks/Carbon.framework/Versions/A/Carbon
0x00000001147f0000 	/System/Library/PrivateFrameworks/JavaLaunching.framework/Versions/A/JavaLaunching
0x0000000006e25000 	/System/Library/Frameworks/Carbon.framework/Versions/A/Frameworks/CommonPanels.framework/Versions/A/CommonPanels
0x0000000006e25000 	/System/Library/Frameworks/Carbon.framework/Versions/A/Frameworks/Help.framework/Versions/A/Help
0x0000000006e25000 	/System/Library/Frameworks/Carbon.framework/Versions/A/Frameworks/ImageCapture.framework/Versions/A/ImageCapture
0x0000000006e25000 	/System/Library/Frameworks/Carbon.framework/Versions/A/Frameworks/OpenScripting.framework/Versions/A/OpenScripting
0x0000000006e25000 	/System/Library/Frameworks/Carbon.framework/Versions/A/Frameworks/Print.framework/Versions/A/Print
0x0000000006e25000 	/System/Library/Frameworks/Carbon.framework/Versions/A/Frameworks/SecurityHI.framework/Versions/A/SecurityHI
0x000000010d3f9000 	/Library/Java/JavaVirtualMachines/jdk1.7.0_79.jdk/Contents/Home/jre/lib/libdt_socket.dylib

VM Arguments:
jvm_args: -agentlib:jdwp=transport=dt_socket,address=127.0.0.1:64774,suspend=y,server=n -Dfile.encoding=UTF-8 
java_command: ransomNote
Launcher Type: SUN_STANDARD

Environment Variables:
PATH=/usr/local/bin:/usr/bin:/bin:/usr/sbin:/sbin
SHELL=/bin/bash

Signal Handlers:
SIGSEGV: [libjvm.dylib+0x52daf1], sa_mask[0]=0xfffefeff, sa_flags=0x00000043
SIGBUS: [libjvm.dylib+0x52daf1], sa_mask[0]=0xfffefeff, sa_flags=0x00000042
SIGFPE: [libjvm.dylib+0x41f34e], sa_mask[0]=0xfffefeff, sa_flags=0x00000042
SIGPIPE: [libjvm.dylib+0x41f34e], sa_mask[0]=0xfffefeff, sa_flags=0x00000042
SIGXFSZ: [libjvm.dylib+0x41f34e], sa_mask[0]=0xfffefeff, sa_flags=0x00000042
SIGILL: [libjvm.dylib+0x41f34e], sa_mask[0]=0xfffefeff, sa_flags=0x00000042
SIGUSR1: SIG_DFL, sa_mask[0]=0x00000000, sa_flags=0x00000000
SIGUSR2: [libjvm.dylib+0x41ee40], sa_mask[0]=0x00000004, sa_flags=0x00000042
SIGHUP: [libjvm.dylib+0x41d0d1], sa_mask[0]=0xfffefeff, sa_flags=0x00000042
SIGINT: [libjvm.dylib+0x41d0d1], sa_mask[0]=0xfffefeff, sa_flags=0x00000042
SIGTERM: [libjvm.dylib+0x41d0d1], sa_mask[0]=0xfffefeff, sa_flags=0x00000042
SIGQUIT: [libjvm.dylib+0x41d0d1], sa_mask[0]=0xfffefeff, sa_flags=0x00000042


---------------  S Y S T E M  ---------------

OS:Bsduname:Darwin 15.6.0 Darwin Kernel Version 15.6.0: Mon Aug 29 20:21:34 PDT 2016; root:xnu-3248.60.11~1/RELEASE_X86_64 x86_64
rlimit: STACK 8192k, CORE 0k, NPROC 709, NOFILE 10240, AS infinity
load average:4.86 4.91 3.82

CPU:total 4 (2 cores per cpu, 2 threads per core) family 6 model 61 stepping 4, cmov, cx8, fxsr, mmx, sse, sse2, sse3, ssse3, sse4.1, sse4.2, popcnt, avx, avx2, aes, erms, ht, tsc, tscinvbit

Memory: 4k page, physical 4194304k(1048576k free)

/proc/meminfo:


vm_info: Java HotSpot(TM) 64-Bit Server VM (24.79-b02) for bsd-amd64 JRE (1.7.0_79-b15), built on Apr 10 2015 11:35:04 by "java_re" with gcc 4.2.1 (Based on Apple Inc. build 5658) (LLVM build 2336.11.00)

time: Wed Oct 12 20:09:02 2016
elapsed time: 51 seconds

